<?xml version="1.0" encoding="UTF-8"?>
<testng-results ignored="0" total="2" passed="2" failed="0" skipped="0">
  <reporter-output>
  </reporter-output>
  <suite started-at="2025-02-05T19:05:59 IST" name="Suite" finished-at="2025-02-05T19:07:43 IST" duration-ms="103383">
    <groups>
    </groups>
    <test started-at="2025-02-05T19:05:59 IST" name="Test" finished-at="2025-02-05T19:07:43 IST" duration-ms="103383">
      <class name="org.test.TC02_BooksWagonClassB">
        <test-method is-config="true" signature="Browserlaunch()[pri:0, instance:org.test.TC02_BooksWagonClassB@c430e6c]" started-at="2025-02-05T19:05:59 IST" name="Browserlaunch" finished-at="2025-02-05T19:06:48 IST" duration-ms="49085" status="PASS">
          <reporter-output>
          </reporter-output>
        </test-method> <!-- Browserlaunch -->
        <test-method signature="clickBuyNow()[pri:0, instance:org.test.TC02_BooksWagonClassB@c430e6c]" started-at="2025-02-05T19:06:48 IST" name="clickBuyNow" finished-at="2025-02-05T19:06:55 IST" duration-ms="6606" status="PASS">
          <reporter-output>
          </reporter-output>
        </test-method> <!-- clickBuyNow -->
        <test-method is-config="true" signature="logoutPage()[pri:0, instance:org.test.TC02_BooksWagonClassB@c430e6c]" started-at="2025-02-05T19:06:55 IST" name="logoutPage" finished-at="2025-02-05T19:06:57 IST" duration-ms="1723" status="PASS">
          <reporter-output>
          </reporter-output>
        </test-method> <!-- logoutPage -->
      </class> <!-- org.test.TC02_BooksWagonClassB -->
      <class name="org.test.TC01_BooksWagonClass">
        <test-method is-config="true" signature="Browserlaunch()[pri:0, instance:org.test.TC01_BooksWagonClass@71075444]" started-at="2025-02-05T19:06:57 IST" name="Browserlaunch" finished-at="2025-02-05T19:07:35 IST" duration-ms="37857" status="PASS">
          <reporter-output>
          </reporter-output>
        </test-method> <!-- Browserlaunch -->
        <test-method signature="clickBuyNow()[pri:0, instance:org.test.TC01_BooksWagonClass@71075444]" started-at="2025-02-05T19:07:35 IST" name="clickBuyNow" finished-at="2025-02-05T19:07:41 IST" duration-ms="6456" status="PASS">
          <reporter-output>
          </reporter-output>
        </test-method> <!-- clickBuyNow -->
        <test-method is-config="true" signature="logoutPage()[pri:0, instance:org.test.TC01_BooksWagonClass@71075444]" started-at="2025-02-05T19:07:41 IST" name="logoutPage" finished-at="2025-02-05T19:07:43 IST" duration-ms="1559" status="PASS">
          <reporter-output>
          </reporter-output>
        </test-method> <!-- logoutPage -->
      </class> <!-- org.test.TC01_BooksWagonClass -->
    </test> <!-- Test -->
  </suite> <!-- Suite -->
</testng-results>
